<?xml version="1.0" encoding="UTF-8"?>
<testng-results skipped="0" failed="0" total="1" passed="1">
  <reporter-output>
  </reporter-output>
  <suite name="InetBankingV1" duration-ms="29285" started-at="2019-11-12T19:05:34Z" finished-at="2019-11-12T19:06:04Z">
    <groups>
    </groups>
    <test name="bankingApp Test" duration-ms="29285" started-at="2019-11-12T19:05:34Z" finished-at="2019-11-12T19:06:04Z">
      <class name="com.inetbanking.testCases.TC_AddCustomerTest_003">
        <test-method status="PASS" signature="setup(java.lang.String)[pri:0, instance:com.inetbanking.testCases.TC_AddCustomerTest_003@511baa65]" name="setup" is-config="true" duration-ms="11233" started-at="2019-11-13T00:35:35Z" finished-at="2019-11-13T00:35:46Z">
          <params>
            <param index="0">
              <value>
                <![CDATA[firefox]]>
              </value>
            </param>
          </params>
          <reporter-output>
          </reporter-output>
        </test-method> <!-- setup -->
        <test-method status="PASS" signature="addNewCustomer()[pri:0, instance:com.inetbanking.testCases.TC_AddCustomerTest_003@511baa65]" name="addNewCustomer" duration-ms="17664" started-at="2019-11-13T00:35:46Z" finished-at="2019-11-13T00:36:04Z">
          <reporter-output>
          </reporter-output>
        </test-method> <!-- addNewCustomer -->
      </class> <!-- com.inetbanking.testCases.TC_AddCustomerTest_003 -->
    </test> <!-- bankingApp Test -->
  </suite> <!-- InetBankingV1 -->
</testng-results>
